<?xml version="1.0" encoding="UTF-8"?>
<!-- Generated by org.testng.reporters.JUnitXMLReporter -->
<testsuite hostname="abpujari" name="SmokeTest" tests="4" failures="0" timestamp="12 Sep 2019 18:20:00 GMT" time="26.154" errors="0">
  <testcase name="Login_Retail" time="3.354" classname="com.training.sanity.tests.AdminSendEmail"/>
  <testcase name="Marketing" time="5.952" classname="com.training.sanity.tests.AdminSendEmail"/>
  <testcase name="Products" time="0.831" classname="com.training.sanity.tests.AdminSendEmail"/>
  <testcase name="All_Affliates" time="6.434" classname="com.training.sanity.tests.AdminSendEmail"/>
</testsuite> <!-- SmokeTest -->
